<?xml version="1.0" encoding="UTF-8"?>
<testsuites tests="1" failures="1" disabled="0" errors="0" time="0.108" timestamp="2025-11-30T05:14:09.588" name="AllTests">
  <testsuite name="LockManagerDeadlockDetectionTest" tests="1" failures="1" disabled="0" skipped="0" errors="0" time="0.108" timestamp="2025-11-30T05:14:09.588">
    <testcase name="BasicDeadlockDetectionTest" file="/Users/cscs/Downloads/bustub_initial/test/concurrency/deadlock_detection_test.cpp" line="67" status="run" result="completed" time="0.108" timestamp="2025-11-30T05:14:09.588" classname="LockManagerDeadlockDetectionTest">
      <failure message="/Users/cscs/Downloads/bustub_initial/test/concurrency/deadlock_detection_test.cpp:111&#x0A;Expected equality of these values:&#x0A;  res&#x0A;    Which is: true&#x0A;  false" type=""><![CDATA[/Users/cscs/Downloads/bustub_initial/test/concurrency/deadlock_detection_test.cpp:111
Expected equality of these values:
  res
    Which is: true
  false]]></failure>
      <failure message="/Users/cscs/Downloads/bustub_initial/test/concurrency/deadlock_detection_test.cpp:113&#x0A;Expected equality of these values:&#x0A;  TransactionState::ABORTED&#x0A;    Which is: 4-byte object &lt;03-00 00-00&gt;&#x0A;  txn1-&gt;GetState()&#x0A;    Which is: 4-byte object &lt;00-00 00-00&gt;" type=""><![CDATA[/Users/cscs/Downloads/bustub_initial/test/concurrency/deadlock_detection_test.cpp:113
Expected equality of these values:
  TransactionState::ABORTED
    Which is: 4-byte object <03-00 00-00>
  txn1->GetState()
    Which is: 4-byte object <00-00 00-00>]]></failure>
    </testcase>
  </testsuite>
</testsuites>
