<?xml version="1.0" encoding="UTF-8"?>
<testsuites tests="1" failures="1" disabled="0" errors="0" time="0.11" timestamp="2025-11-30T05:14:10.351" name="AllTests">
  <testsuite name="LockManagerTest" tests="1" failures="1" disabled="0" skipped="0" errors="0" time="0.11" timestamp="2025-11-30T05:14:10.351">
    <testcase name="AbortTest1" file="/Users/cscs/Downloads/bustub_initial/test/concurrency/lock_manager_test.cpp" line="585" status="run" result="completed" time="0.11" timestamp="2025-11-30T05:14:10.351" classname="LockManagerTest">
      <failure message="/Users/cscs/Downloads/bustub_initial/test/concurrency/lock_manager_test.cpp:608&#x0A;Value of: res&#x0A;  Actual: true&#x0A;Expected: false" type=""><![CDATA[/Users/cscs/Downloads/bustub_initial/test/concurrency/lock_manager_test.cpp:608
Value of: res
  Actual: true
Expected: false]]></failure>
      <failure message="/Users/cscs/Downloads/bustub_initial/test/concurrency/lock_manager_test.cpp:610&#x0A;Expected equality of these values:&#x0A;  TransactionState::ABORTED&#x0A;    Which is: 4-byte object &lt;03-00 00-00&gt;&#x0A;  txn1-&gt;GetState()&#x0A;    Which is: 4-byte object &lt;00-00 00-00&gt;" type=""><![CDATA[/Users/cscs/Downloads/bustub_initial/test/concurrency/lock_manager_test.cpp:610
Expected equality of these values:
  TransactionState::ABORTED
    Which is: 4-byte object <03-00 00-00>
  txn1->GetState()
    Which is: 4-byte object <00-00 00-00>]]></failure>
    </testcase>
  </testsuite>
</testsuites>
